Arguments: 
  /usr/bin/node /usr/bin/yarn create vite

PATH: 
  /home/saint-yellow/.local/share/zinit/polaris/bin:/opt/homebrew/repositoty/bin:/opt/homebrew/repositoty/sbin:/home/saint-yellow/.nix-profile/bin:/nix/var/nix/profiles/default/bin:/opt/jython/bin/:/usr/local/bin:/usr/bin:/bin:/usr/local/sbin:/opt/android-sdk/cmdline-tools/latest/bin:/opt/android-sdk/platform-tools:/opt/android-sdk/tools:/opt/android-sdk/tools/bin:/opt/cuda/bin:/usr/share/dotnet/tools:/home/saint-yellow/.dotnet/tools:/var/lib/flatpak/exports/bin:/opt/flutter/bin:/opt/go/bin:/usr/lib/jvm/default/bin:/usr/bin/site_perl:/usr/bin/vendor_perl:/usr/bin/core_perl:/opt/composer/vendor/bin:/opt/cargo/bin:/var/lib/snapd/snap/bin:~/.local/bin

Yarn version: 
  1.22.19

Node version: 
  20.5.1

Platform: 
  linux x64

Trace: 
  Error: https://registry.npm.taobao.org/create-vite: tunneling socket could not be established, cause=
      at ClientRequest.onError (/usr/lib/node_modules/yarn/lib/cli.js:152376:17)
      at Object.onceWrapper (node:events:629:26)
      at ClientRequest.emit (node:events:514:28)
      at Socket.socketErrorListener (node:_http_client:495:9)
      at Socket.emit (node:events:514:28)
      at emitErrorNT (node:internal/streams/destroy:151:8)
      at emitErrorCloseNT (node:internal/streams/destroy:116:3)
      at process.processTicksAndRejections (node:internal/process/task_queues:82:21)

npm manifest: 
  No manifest

yarn manifest: 
  No manifest

Lockfile: 
  No lockfile
